Could not read previous export (for caching), doing full export.
menus: Exporting image
cloud: Exporting image
topBg: Exporting image
icons: Exporting image
contnet: Exporting image
m2: Exporting image
graph_pie: Exporting image
graph_week2: Exporting image
scroes: Exporting image
WEEK_copy_3: Exporting image
WEEK_copy: Exporting image
news: Exporting image
bg: Exporting image
circles_shadows: Exporting image
cloud-2: Exporting image
topBg-2: Exporting image
icons-2: Exporting image
contnet-2: Exporting image
m2-2: Exporting image
graph_pie-2: Exporting image
graph_week2-2: Exporting image
scroes-2: Exporting image
WEEK_copy_3-2: Exporting image
WEEK_copy-2: Exporting image
news-2: Exporting image
bg-2: Exporting image
menu_s: Exporting image
cloud_s: Exporting image
sun: Exporting image
topBg-3: Exporting image
icons-3: Exporting image
m2-3: Exporting image
graph_pie-3: Exporting image
graph_week2-3: Exporting image
scroes-3: Exporting image
WEEK_copy_3-3: Exporting image
WEEK_copy-3: Exporting image
news-3: Exporting image
bg-3: Exporting image
61 views changed
Success: /Users/miyoungyoon/Google 드라이브/FRAMER_iMAC/framer_googledrive/home_weather.framer/imported/Weathers_newColor_cloud@1x
