Could not read previous export (for caching), doing full export.
green_copy_3-2_copy_3: Exporting image
top: Exporting image
bottom: Exporting image
lists-3: Exporting image
list_full_copy_6-6: Exporting image
Group_6-19: Exporting image
list_full_copy_6-5: Exporting image
Group_6-18: Exporting image
list_full_copy_5-3: Exporting image
Group_6-17: Exporting image
list_full-10: Exporting image
Group_6-16: Exporting image
list_full_copy_6-4: Exporting image
Group_6-15: Exporting image
list_full_copy_6-3: Exporting image
Group_6-14: Exporting image
list_full_copy_5-2: Exporting image
Group_6-13: Exporting image
list_full-9: Exporting image
Group_6-12: Exporting image
list_full_copy_6-2: Exporting image
Group_6-11: Exporting image
list_full_copy_6: Exporting image
Group_6-10: Exporting image
list_full_copy_5: Exporting image
Group_6-9: Exporting image
list_full-8: Exporting image
Group_6-8: Exporting image
actionbar: Exporting image
time: Exporting image
graph: Exporting image
bgt: Exporting image
36 views changed
Success: /Users/miyoungyoon/Google 드라이브/FRAMER_iMAC/framer_googledrive/met_v4.framer/imported/framer_ANDROID_MET_exercisegreen_copy_3-2 copy 3@1x
