Could not read previous export (for caching), doing full export.
tootltip: Exporting image
y: Exporting image
x: Exporting image
x_box: Exporting image
english: Exporting image
x_days2: Exporting image
x_today: Exporting image
filter: Exporting image
Duplicate_Group-3: Exporting image
row7: Exporting image
text_copy: Exporting image
row6: Exporting image
text_copy_2: Exporting image
row5: Exporting image
text_copy_3: Exporting image
row4: Exporting image
text_copy_4: Exporting image
row3: Exporting image
text_copy_5: Exporting image
row2: Exporting image
text_copy_6: Exporting image
row1: Exporting image
text: Exporting image
LABEL: Exporting image
table_-_labell: Exporting image
back: Exporting image
activity_copy: Exporting image
date_main: Exporting image
ARROW_copy: Exporting image
ARROW: Exporting image
topNavi: Exporting image
menu: Exporting image
top_navi: Exporting image
profile_photo: Exporting image
footer: Exporting image
Group_4: Exporting image
41 views changed
Success: /var/folders/z3/pv6b7_1x5wl7jp3mk28rwfj40000gn/T/6CC6B4B0-3BCE-469F-B689-A95AE00CDFE1-3669-00001691FCE88880/3A30C201-433E-46F8-BEA1-7FA15087E851/Untitled.framer/imported/Framer_dashboard_v5_SUB@1x
