Could not read previous export (for caching), doing full export.
top_graph: Exporting image
text: Exporting image
cloud2: Exporting image
topBg: Exporting image
star: Exporting image
star1: Exporting image
star2: Exporting image
sstar3: Exporting image
star4: Exporting image
star5: Exporting image
star6: Exporting image
navi: Exporting image
icons: Exporting image
contents: Exporting image
m2: Exporting image
graph_pie: Exporting image
graph_week2: Exporting image
scroes: Exporting image
WEEK_copy_3: Exporting image
WEEK_copy: Exporting image
news: Exporting image
bg: Exporting image
31 views changed
Success: /var/folders/z3/pv6b7_1x5wl7jp3mk28rwfj40000gn/T/E66583B5-EF41-416C-9669-450062C95A08-861-0000018FC20CE7EF/E6A8674C-8F8B-4503-BB30-885FA3118904/Untitled.framer/imported/Weathers_newColor_Nightnight@1x
