Could not read previous export (for caching), doing full export.
bg: Exporting image
category3: Exporting image
Duplicated_Item_(row__3,_column__1)_copy-2: Exporting image
text_copy_5-2: Exporting image
Duplicated_Item_(row__2,_column__1)_copy-2: Exporting image
text_copy_4-2: Exporting image
cell_for_list_copy-2: Exporting image
text_copy_3-2: Exporting image
Duplicated_Item_(row__3,_column__1)_copy: Exporting image
text_copy_5: Exporting image
Duplicated_Item_(row__2,_column__1)_copy: Exporting image
text_copy_4: Exporting image
cell_for_list_copy: Exporting image
text_copy_3: Exporting image
category2: Exporting image
Duplicated_Item_(row__3,_column__1)_copy_2: Exporting image
text_copy_8: Exporting image
Duplicated_Item_(row__2,_column__1)_copy_2: Exporting image
text_copy_7: Exporting image
cell_for_list_copy_2: Exporting image
text_copy_6: Exporting image
category: Exporting image
Duplicated_Item_(row__3,_column__1): Exporting image
text_copy: Exporting image
Duplicated_Item_(row__2,_column__1): Exporting image
text_copy_2: Exporting image
cell_for_list: Exporting image
text: Exporting image
current: Exporting image
action_bar: Exporting image
btn_back: Exporting image
search: Exporting image
41 views changed
Success: /Users/miyoungyoon/Documents/FRAMER/MET_Intensity_table.framer/imported/activity_intensityTable_framer@1x
