Could not read previous export (for caching), doing full export.
s3: Exporting image
s2: Exporting image
s1: Exporting image
bottom: Exporting image
lists-3: Exporting image
list_full_copy_6-6: Exporting image
Group_6-19: Exporting image
list_full_copy_6-5: Exporting image
Group_6-18: Exporting image
list_full_copy_5-3: Exporting image
Group_6-17: Exporting image
list_full-10: Exporting image
Group_6-16: Exporting image
list_full_copy_6-4: Exporting image
Group_6-15: Exporting image
list_full_copy_6-3: Exporting image
Group_6-14: Exporting image
list_full_copy_5-2: Exporting image
Group_6-13: Exporting image
list_full-9: Exporting image
Group_6-12: Exporting image
list_full_copy_6-2: Exporting image
Group_6-11: Exporting image
list_full_copy_6: Exporting image
Group_6-10: Exporting image
list_full_copy_5: Exporting image
Group_6-9: Exporting image
list_full-8: Exporting image
Group_6-8: Exporting image
actionbar: Exporting image
time: Exporting image
graph: Exporting image
bgt: Exporting image
39 views changed
Success: /var/folders/z3/pv6b7_1x5wl7jp3mk28rwfj40000gn/T/98B0D9F7-88B3-40DE-96A1-A8E3A7459638-1036-000011A5CD8E28E5/B07E591D-88B6-424F-8344-1614DDF44701/Untitled.framer/imported/framer_ANDROID_MET_LOGgreen_copy_3-2 copy 3LOG 3 copy 2@1x
