Could not read previous export (for caching), doing full export.
bg: Exporting image
icon_exercise: Exporting image
icon_symbol: Exporting image
icon_bg: Exporting image
name0: Exporting image
icon_symbol_sel: Exporting image
icon_bg_sel: Exporting image
name1: Exporting image
icon1: Exporting image
name2: Exporting image
icon2: Exporting image
name3: Exporting image
icon3: Exporting image
optionBg: Exporting image
icon_wall: Exporting image
text_distance: Exporting image
text_length: Exporting image
content_20km: Exporting image
kr: Exporting image
31 views changed
Success: /Users/miyoungyoon/Documents/FRAMER/home_distance_fab.framer/imported/home_distance_framer4@1x
