Could not read previous export (for caching), doing full export.
Renaming Duplicate_Group-11-2 -> Duplicate_Group-11-2-2
Renaming Duplicate_Group-12-2 -> Duplicate_Group-12-2-2
Renaming week_bar_graph_small_copy-6-2 -> week_bar_graph_small_copy-6-2-2
Renaming Duplicate_Group-13-2 -> Duplicate_Group-13-2-2
Renaming week_bar_graph_small_copy-7-2 -> week_bar_graph_small_copy-7-2-2
Renaming Duplicate_Group-11_copy_3 -> Duplicate_Group-11_copy_3-2
Renaming Duplicate_Group-12_copy_3 -> Duplicate_Group-12_copy_3-2
Renaming week_bar_graph_small_copy-6_copy_3 -> week_bar_graph_small_copy-6_copy_3-2
Renaming Duplicate_Group-13_copy_3 -> Duplicate_Group-13_copy_3-2
Renaming week_bar_graph_small_copy-7_copy_3 -> week_bar_graph_small_copy-7_copy_3-2
Renaming Duplicate_Group-11_copy_2 -> Duplicate_Group-11_copy_2-2
Renaming Duplicate_Group-12_copy_2 -> Duplicate_Group-12_copy_2-2
Renaming week_bar_graph_small_copy-6_copy_2 -> week_bar_graph_small_copy-6_copy_2-2
Renaming Duplicate_Group-13_copy_2 -> Duplicate_Group-13_copy_2-2
Renaming week_bar_graph_small_copy-7_copy_2 -> week_bar_graph_small_copy-7_copy_2-2
activity: Exporting image
list_6: Exporting image
profile_photo_copy_9: Exporting image
list_5: Exporting image
profile_photo_copy_11: Exporting image
list_4: Exporting image
profile_photo_copy_13: Exporting image
list_3: Exporting image
profile_photo_copy_15: Exporting image
list_2: Exporting image
profile_photo_copy: Exporting image
scroll될_때_: Exporting image
box_-_met_copy: Exporting image
time_24시간_text_copy_2-2: Exporting image
PROGRAME_MONTH_copy-2: Exporting image
dots-2: Exporting image
GRAPH_LINE_2_copy-2: Exporting image
color_bar_copy-2: Exporting image
box_-_daily: Exporting image
graph_day: Exporting image
m2: Exporting image
graph_pie: Exporting image
cell_4_over: Exporting image
week_bar_graph_small_copy-7_copy: Exporting image
Duplicate_Group-13_copy: Exporting image
cell_3_over: Exporting image
week_bar_graph_small_copy-7_copy_2: Exporting image
Duplicate_Group-13_copy_2: Exporting image
cell_2_over: Exporting image
week_bar_graph_small_copy-7_copy_3: Exporting image
Duplicate_Group-13_copy_3: Exporting image
cell_1_over: Exporting image
week_bar_graph_small_copy-7-2: Exporting image
Duplicate_Group-13-2: Exporting image
Duplicate_Group-18: Exporting image
question-4: Exporting image
con-4: Exporting image
Duplicate_Group-16: Exporting image
question-3: Exporting image
con-3: Exporting image
Duplicate_Group-14: Exporting image
question-2: Exporting image
con-2: Exporting image
Duplicate_Group-9: Exporting image
question-1: Exporting image
con-1: Exporting image
cell_8_over: Exporting image
week_bar_graph_small_copy-7: Exporting image
Duplicate_Group-13: Exporting image
cell_7_over: Exporting image
week_bar_graph_small_copy-7_copy_2: Exporting image
Duplicate_Group-13_copy_2: Exporting image
cell_6_over: Exporting image
week_bar_graph_small_copy-7_copy_3: Exporting image
Duplicate_Group-13_copy_3: Exporting image
cell_5_over: Exporting image
week_bar_graph_small_copy-7-2: Exporting image
Duplicate_Group-13-2: Exporting image
cell_8: Exporting image
Duplicate_Group-7: Exporting image
cell_7: Exporting image
Duplicate_Group-5: Exporting image
cell_6: Exporting image
Duplicate_Group-3: Exporting image
cell_5: Exporting image
Duplicate_Group: Exporting image
message: Exporting image
dates: Exporting image
ARROW_copy: Exporting image
ARROW: Exporting image
footer: Exporting image
bg: Exporting image
navi_top: Exporting image
menu: Exporting image
top_navi: Exporting image
profile_photo: Exporting image
111 views changed
Success: /Users/miyoungyoon/Documents/FRAMER/home_A_over.framer/imported/Framer_dashboard_v5 copy_over@1x
