Could not read previous export (for caching), doing full export.
top_graph: Exporting image
text: Exporting image
cloud: Exporting image
topBg: Exporting image
star: Exporting image
star1: Exporting image
star2: Exporting image
sstar3: Exporting image
star4: Exporting image
star5: Exporting image
star6: Exporting image
navi: Exporting image
icons: Exporting image
contents: Exporting image
m2: Exporting image
graph_pie: Exporting image
graph_week2: Exporting image
scroes: Exporting image
WEEK_copy_3: Exporting image
WEEK_copy: Exporting image
news: Exporting image
bg: Exporting image
31 views changed
Success: /Users/miyoungyoon/Google 드라이브/FRAMER_iMAC/framer_googledrive/home_night_Star.framer/imported/Weathers_newColor_Nightnight@1x
